<?xml version="1.0" encoding="UTF-8"?>
<!-- Generated by org.testng.reporters.JUnitReportReporter -->
<testsuite hostname="IN-PG02NJQN" failures="0" tests="1" name="Jenkins_Demo.Jenkins_project.AppTest" time="0.015" errors="0" timestamp="2023-09-27T17:04:11 IST" skipped="0">
  <testcase classname="Jenkins_Demo.Jenkins_project.AppTest" name="shouldAnswerWithTrue" time="0.015"/>
  <system-out/>
</testsuite> <!-- Jenkins_Demo.Jenkins_project.AppTest -->
