<?xml version="1.0" encoding="UTF-8"?>
<!-- Generated by org.testng.reporters.JUnitReportReporter -->
<testsuite hostname="IN-PG02NJQN" failures="0" tests="2" name="Jenkins_Demo.Jenkins_project.Test_case_1" time="5.333" errors="0" timestamp="2023-09-27T17:01:01 IST" skipped="0">
  <testcase classname="Jenkins_Demo.Jenkins_project.Test_case_1" name="test1" time="0.021"/>
  <system-out/>
  <testcase classname="Jenkins_Demo.Jenkins_project.Test_case_1" name="test2" time="5.312"/>
  <system-out/>
</testsuite> <!-- Jenkins_Demo.Jenkins_project.Test_case_1 -->
